<?xml version="1.0" encoding="UTF-8"?>
<!-- Generated by org.testng.reporters.JUnitReportReporter -->
<testsuite hostname="DESKTOP-KL0N0JP" failures="0" tests="4" name="appfeature.AmazonRunner" time="35.003" errors="0" timestamp="2023-06-29T23:29:14 IST" skipped="0">
  <testcase classname="appfeature.AmazonRunner" name="runScenario" time="8.834"/>
  <system-out/>
  <testcase classname="appfeature.AmazonRunner" name="runScenario" time="9.415"/>
  <system-out/>
  <testcase classname="appfeature.AmazonRunner" name="runScenario" time="10.629"/>
  <system-out/>
  <testcase classname="appfeature.AmazonRunner" name="runScenario" time="6.125"/>
  <system-out/>
</testsuite> <!-- appfeature.AmazonRunner -->
