<?xml version="1.0" encoding="UTF-8"?>
<!-- Generated by org.testng.reporters.JUnitReportReporter -->
<testsuite hostname="DESKTOP-KL0N0JP" failures="0" tests="2" name="TestRunner.RegistrationRunner" time="23.592" errors="0" timestamp="2025-02-27T18:40:03 IST" skipped="0">
  <testcase classname="TestRunner.RegistrationRunner" name="runScenario" time="12.747"/>
  <system-out/>
  <testcase classname="TestRunner.RegistrationRunner" name="runScenario" time="10.845"/>
  <system-out/>
</testsuite> <!-- TestRunner.RegistrationRunner -->
