<?xml version="1.0" encoding="UTF-8"?>
<!-- Generated by org.testng.reporters.JUnitReportReporter -->
<testsuite hostname="DESKTOP-KL0N0JP" failures="0" tests="4" name="TestRunner.ScenerioOutlineRunner" time="0.428" errors="0" timestamp="2023-06-18T00:22:18 IST" skipped="0">
  <testcase classname="TestRunner.ScenerioOutlineRunner" name="runScenario" time="0.047"/>
  <system-out/>
  <testcase classname="TestRunner.ScenerioOutlineRunner" name="runScenario" time="0.042"/>
  <system-out/>
  <testcase classname="TestRunner.ScenerioOutlineRunner" name="runScenario" time="0.287"/>
  <system-out/>
  <testcase classname="TestRunner.ScenerioOutlineRunner" name="runScenario" time="0.052"/>
  <system-out/>
</testsuite> <!-- TestRunner.ScenerioOutlineRunner -->
