<?xml version="1.0" encoding="UTF-8"?>
<!-- Generated by org.testng.reporters.JUnitReportReporter -->
<testsuite hostname="DESKTOP-KL0N0JP" failures="0" tests="1" name="appfeature.AmazonFailedRunner" time="10.173" errors="0" timestamp="2023-06-29T17:35:40 IST" skipped="0">
  <testcase classname="appfeature.AmazonFailedRunner" name="runScenario" time="10.173"/>
  <system-out/>
</testsuite> <!-- appfeature.AmazonFailedRunner -->
