<?xml version="1.0" encoding="UTF-8"?>
<!-- Generated by org.testng.reporters.JUnitReportReporter -->
<testsuite hostname="DESKTOP-KL0N0JP" failures="0" tests="3" name="TestRunner.OrderRunner" time="0.321" errors="0" timestamp="2023-06-17T23:50:01 IST" skipped="0">
  <testcase classname="TestRunner.OrderRunner" name="runScenario" time="0.213"/>
  <system-out/>
  <testcase classname="TestRunner.OrderRunner" name="runScenario" time="0.064"/>
  <system-out/>
  <testcase classname="TestRunner.OrderRunner" name="runScenario" time="0.044"/>
  <system-out/>
</testsuite> <!-- TestRunner.OrderRunner -->
