<?xml version="1.0" encoding="UTF-8"?>
<!-- Generated by org.testng.reporters.JUnitReportReporter -->
<testsuite hostname="DESKTOP-KL0N0JP" failures="0" tests="2" name="TestRunner.LoginRunner" time="0.234" errors="0" timestamp="2023-06-12T00:23:26 IST" skipped="0">
  <testcase classname="TestRunner.LoginRunner" name="runScenario" time="0.170"/>
  <system-out/>
  <testcase classname="TestRunner.LoginRunner" name="runScenario" time="0.064"/>
  <system-out/>
</testsuite> <!-- TestRunner.LoginRunner -->
