<?xml version="1.0" encoding="UTF-8"?>
<!-- Generated by org.testng.reporters.JUnitReportReporter -->
<testsuite hostname="DESKTOP-KL0N0JP" failures="0" tests="1" name="TestRunner.LoginWithDataRunner" time="0.168" errors="0" timestamp="2023-06-12T00:29:33 IST" skipped="0">
  <testcase classname="TestRunner.LoginWithDataRunner" name="runScenario" time="0.168"/>
  <system-out/>
</testsuite> <!-- TestRunner.LoginWithDataRunner -->
