<?xml version="1.0" encoding="UTF-8"?>
<!-- Generated by org.testng.reporters.JUnitReportReporter -->
<testsuite hostname="DESKTOP-KL0N0JP" failures="0" tests="1" name="TestRunner.CampignRunner" time="0.386" errors="0" timestamp="2023-06-19T00:01:18 IST" skipped="0">
  <testcase classname="TestRunner.CampignRunner" name="runScenario" time="0.386"/>
  <system-out/>
</testsuite> <!-- TestRunner.CampignRunner -->
